<?xml version="1.0" encoding="UTF-8"?>
<testng-results skipped="0" failed="0" total="1" passed="1">
  <reporter-output>
  </reporter-output>
  <suite name="Default suite" duration-ms="15992" started-at="2014-11-21T12:45:10Z" finished-at="2014-11-21T12:45:26Z">
    <groups>
    </groups>
    <test name="Default test" duration-ms="15992" started-at="2014-11-21T12:45:10Z" finished-at="2014-11-21T12:45:26Z">
      <class name="org.testng.test.JDlogin">
        <test-method status="PASS" signature="beforeMethod()[pri:0, instance:org.testng.test.JDlogin@7c75222b]" name="beforeMethod" is-config="true" duration-ms="2772" started-at="2014-11-21T20:45:10Z" finished-at="2014-11-21T20:45:12Z">
          <reporter-output>
          </reporter-output>
        </test-method> <!-- beforeMethod -->
        <test-method status="PASS" signature="test()[pri:0, instance:org.testng.test.JDlogin@7c75222b]" name="test" duration-ms="11998" started-at="2014-11-21T20:45:12Z" finished-at="2014-11-21T20:45:24Z">
          <reporter-output>
          </reporter-output>
        </test-method> <!-- test -->
        <test-method status="PASS" signature="afterMethod()[pri:0, instance:org.testng.test.JDlogin@7c75222b]" name="afterMethod" is-config="true" duration-ms="1209" started-at="2014-11-21T20:45:24Z" finished-at="2014-11-21T20:45:26Z">
          <reporter-output>
          </reporter-output>
        </test-method> <!-- afterMethod -->
      </class> <!-- org.testng.test.JDlogin -->
    </test> <!-- Default test -->
  </suite> <!-- Default suite -->
</testng-results>
